[02/01/2020, 15:05:03] (level: 4) Failed to get outlier of note-whole-e2-1216.png
[02/01/2020, 15:05:03] (level: 4) Failed to get outlier of note-whole-e2-4891.png
[02/01/2020, 15:11:37] (level: 4) Failed to get outlier of note-whole-e2-1216.png
[02/01/2020, 15:11:37] (level: 4) Failed to get outlier of note-whole-e2-4891.png
[02/01/2020, 16:24:47] (level: 4) Failed to get outlier of note-whole-e2-1216.png
[02/01/2020, 16:24:47] (level: 4) Failed to get outlier of note-whole-e2-4891.png
[02/01/2020, 16:24:47] (level: 1) FATAL ERROR: Paranada index of note-half-g1-315.png is not completely detected
[02/01/2020, 16:24:47] (level: 1) FATAL ERROR: Paranada index of note-half-h1-130.png is not completely detected
[02/01/2020, 16:25:37] (level: 4) Failed to get outlier of note-whole-e2-1216.png
[02/01/2020, 16:25:37] (level: 4) Failed to get outlier of note-whole-e2-4891.png
[02/01/2020, 16:25:37] (level: 1) FATAL ERROR: Paranada index of note-half-g1-315.png is not completely detected
[02/01/2020, 16:25:37] (level: 1) FATAL ERROR: Paranada index of note-half-h1-130.png is not completely detected
[02/01/2020, 16:27:10] (level: 4) Failed to get outlier of note-whole-e2-1216.png
[02/01/2020, 16:27:10] (level: 4) Failed to get outlier of note-whole-e2-4891.png
[02/01/2020, 16:27:10] (level: 1) FATAL ERROR: Paranada index of note-half-g1-315.png is not completely detected
[02/01/2020, 16:27:10] (level: 1) FATAL ERROR: Paranada index of note-half-h1-130.png is not completely detected
[02/01/2020, 16:27:10] (level: 4) Failed to get outlier of note-quarter-h1-241.png
[02/01/2020, 16:27:10] (level: 4) Failed to get outlier of note-quarter-f2-4556.png
[02/01/2020, 16:30:34] (level: 4) Failed to get outlier of note-whole-e2-1216.png
[02/01/2020, 16:30:34] (level: 4) Failed to get outlier of note-whole-e2-4891.png
[02/01/2020, 16:30:34] (level: 1) FATAL ERROR: Paranada index of note-half-g1-315.png is not completely detected
[02/01/2020, 16:30:34] (level: 1) FATAL ERROR: Paranada index of note-half-h1-130.png is not completely detected
[02/01/2020, 16:30:34] (level: 4) Failed to get outlier of note-quarter-h1-241.png
[02/01/2020, 16:30:34] (level: 4) Failed to get outlier of note-quarter-f2-4556.png
[02/01/2020, 16:31:10] (level: 4) Failed to get outlier of note-whole-e2-1216.png
[02/01/2020, 16:31:10] (level: 4) Failed to get outlier of note-whole-e2-4891.png
[02/01/2020, 16:31:10] (level: 1) FATAL ERROR: Paranada index of note-half-h1-130.png is not completely detected
[02/01/2020, 16:31:10] (level: 4) Failed to get outlier of note-quarter-h1-241.png
[02/01/2020, 16:31:10] (level: 4) Failed to get outlier of note-quarter-f2-4556.png
[02/01/2020, 16:35:18] (level: 4) Failed to get outlier of note-whole-e2-1216.png
[02/01/2020, 16:35:18] (level: 4) Failed to get outlier of note-whole-e2-4891.png
[02/01/2020, 16:35:18] (level: 4) Failed to get outlier of note-quarter-h1-241.png
[02/01/2020, 16:35:18] (level: 4) Failed to get outlier of note-quarter-f2-4556.png
[02/01/2020, 16:39:20] (level: 4) Failed to get outlier of note-whole-e2-1216.png
[02/01/2020, 16:39:20] (level: 4) Failed to get outlier of note-whole-e2-4891.png
[02/01/2020, 16:39:20] (level: 4) Failed to get outlier of note-quarter-h1-241.png
[02/01/2020, 16:39:20] (level: 4) Failed to get outlier of note-quarter-f2-4556.png
[02/01/2020, 19:44:36] (level: 4) Failed to get outlier of note-whole-e2-1216.png
[02/01/2020, 19:44:36] (level: 4) Failed to get outlier of note-whole-e2-4891.png
[02/01/2020, 19:44:36] (level: 4) Failed to get outlier of note-quarter-h1-241.png
[02/01/2020, 19:44:36] (level: 4) Failed to get outlier of note-quarter-f2-4556.png
[02/01/2020, 19:44:57] (level: 4) Failed to get outlier of note-whole-e2-1216.png
[02/01/2020, 19:44:57] (level: 4) Failed to get outlier of note-whole-e2-4891.png
[02/01/2020, 19:44:58] (level: 4) Failed to get outlier of note-quarter-h1-241.png
[02/01/2020, 19:44:58] (level: 4) Failed to get outlier of note-quarter-f2-4556.png
[02/01/2020, 19:45:19] (level: 4) Failed to get outlier of note-whole-e2-1216.png
[02/01/2020, 19:45:19] (level: 4) Failed to get outlier of note-whole-e2-4891.png
[02/01/2020, 19:45:19] (level: 4) Failed to get outlier of note-quarter-h1-241.png
[02/01/2020, 19:45:19] (level: 4) Failed to get outlier of note-quarter-f2-4556.png
[02/01/2020, 19:45:32] (level: 4) Failed to get outlier of note-whole-e2-1216.png
[02/01/2020, 19:45:32] (level: 4) Failed to get outlier of note-whole-e2-4891.png
[02/01/2020, 19:45:32] (level: 4) Failed to get outlier of note-quarter-h1-241.png
[02/01/2020, 19:45:32] (level: 4) Failed to get outlier of note-quarter-f2-4556.png
[02/01/2020, 19:45:51] (level: 4) Failed to get outlier of note-whole-e2-1216.png
[02/01/2020, 19:45:51] (level: 4) Failed to get outlier of note-whole-e2-4891.png
[02/01/2020, 19:45:52] (level: 4) Failed to get outlier of note-quarter-h1-241.png
[02/01/2020, 19:45:52] (level: 4) Failed to get outlier of note-quarter-f2-4556.png
[02/01/2020, 19:46:02] (level: 4) Failed to get outlier of note-whole-e2-1216.png
[02/01/2020, 19:46:02] (level: 4) Failed to get outlier of note-whole-e2-4891.png
[02/01/2020, 19:46:02] (level: 4) Failed to get outlier of note-quarter-h1-241.png
[02/01/2020, 19:46:02] (level: 4) Failed to get outlier of note-quarter-f2-4556.png
[02/01/2020, 19:46:17] (level: 4) Failed to get outlier of note-whole-e2-1216.png
[02/01/2020, 19:46:17] (level: 4) Failed to get outlier of note-whole-e2-4891.png
[02/01/2020, 19:46:17] (level: 4) Failed to get outlier of note-quarter-h1-241.png
[02/01/2020, 19:46:17] (level: 4) Failed to get outlier of note-quarter-f2-4556.png
[02/01/2020, 19:46:27] (level: 4) Failed to get outlier of note-whole-e2-1216.png
[02/01/2020, 19:46:27] (level: 4) Failed to get outlier of note-whole-e2-4891.png
[02/01/2020, 19:46:27] (level: 4) Failed to get outlier of note-quarter-h1-241.png
[02/01/2020, 19:46:27] (level: 4) Failed to get outlier of note-quarter-f2-4556.png
[02/01/2020, 19:46:41] (level: 4) Failed to get outlier of note-whole-e2-1216.png
[02/01/2020, 19:46:41] (level: 4) Failed to get outlier of note-whole-e2-4891.png
[02/01/2020, 19:46:41] (level: 4) Failed to get outlier of note-quarter-h1-241.png
[02/01/2020, 19:46:41] (level: 4) Failed to get outlier of note-quarter-f2-4556.png
[02/01/2020, 19:46:54] (level: 4) Failed to get outlier of note-whole-e2-1216.png
[02/01/2020, 19:46:54] (level: 4) Failed to get outlier of note-whole-e2-4891.png
[02/01/2020, 19:46:54] (level: 4) Failed to get outlier of note-quarter-h1-241.png
[02/01/2020, 19:46:54] (level: 4) Failed to get outlier of note-quarter-f2-4556.png
[02/01/2020, 19:47:07] (level: 4) Failed to get outlier of note-whole-e2-1216.png
[02/01/2020, 19:47:07] (level: 4) Failed to get outlier of note-whole-e2-4891.png
[02/01/2020, 19:47:07] (level: 4) Failed to get outlier of note-quarter-h1-241.png
[02/01/2020, 19:47:07] (level: 4) Failed to get outlier of note-quarter-f2-4556.png
[02/01/2020, 19:48:13] (level: 4) Failed to get outlier of note-whole-e2-1216.png
[02/01/2020, 19:48:13] (level: 4) Failed to get outlier of note-whole-e2-4891.png
[02/01/2020, 19:48:13] (level: 4) Failed to get outlier of note-quarter-h1-241.png
[02/01/2020, 19:48:13] (level: 4) Failed to get outlier of note-quarter-f2-4556.png
[02/01/2020, 19:48:52] (level: 4) Failed to get outlier of note-whole-e2-1216.png
[02/01/2020, 19:48:52] (level: 4) Failed to get outlier of note-whole-e2-4891.png
[02/01/2020, 19:48:52] (level: 4) Failed to get outlier of note-quarter-h1-241.png
[02/01/2020, 19:48:52] (level: 4) Failed to get outlier of note-quarter-f2-4556.png
[02/01/2020, 19:49:29] (level: 4) Failed to get outlier of note-whole-e2-1216.png
[02/01/2020, 19:49:29] (level: 4) Failed to get outlier of note-whole-e2-4891.png
[02/01/2020, 19:49:29] (level: 4) Failed to get outlier of note-quarter-h1-241.png
[02/01/2020, 19:49:29] (level: 4) Failed to get outlier of note-quarter-f2-4556.png
[02/01/2020, 19:52:35] (level: 4) Failed to get outlier of note-whole-e2-1216.png
[02/01/2020, 19:52:36] (level: 4) Failed to get outlier of note-whole-e2-4891.png
[02/01/2020, 19:52:36] (level: 4) Failed to get outlier of note-quarter-h1-241.png
[02/01/2020, 19:52:36] (level: 4) Failed to get outlier of note-quarter-f2-4556.png
[02/01/2020, 19:52:56] (level: 4) Failed to get outlier of note-whole-e2-1216.png
[02/01/2020, 19:52:56] (level: 4) Failed to get outlier of note-whole-e2-4891.png
[02/01/2020, 19:52:56] (level: 4) Failed to get outlier of note-quarter-h1-241.png
[02/01/2020, 19:52:56] (level: 4) Failed to get outlier of note-quarter-f2-4556.png
[02/01/2020, 19:57:54] (level: 4) Failed to get outlier of note-whole-e2-1216.png
[02/01/2020, 19:57:54] (level: 4) Failed to get outlier of note-whole-e2-4891.png
[02/01/2020, 19:57:54] (level: 4) Failed to get outlier of note-quarter-h1-241.png
[02/01/2020, 19:57:54] (level: 4) Failed to get outlier of note-quarter-f2-4556.png
[02/01/2020, 20:02:40] (level: 4) Failed to get outlier of note-whole-e2-1216.png
[02/01/2020, 20:02:40] (level: 4) Failed to get outlier of note-whole-e2-4891.png
[02/01/2020, 20:02:40] (level: 4) Failed to get outlier of note-quarter-h1-241.png
[02/01/2020, 20:02:40] (level: 4) Failed to get outlier of note-quarter-f2-4556.png
[02/01/2020, 20:03:04] (level: 4) Failed to get outlier of note-whole-e2-1216.png
[02/01/2020, 20:03:04] (level: 4) Failed to get outlier of note-whole-e2-4891.png
[02/01/2020, 20:03:04] (level: 4) Failed to get outlier of note-quarter-h1-241.png
[02/01/2020, 20:03:04] (level: 4) Failed to get outlier of note-quarter-f2-4556.png
[02/01/2020, 20:03:42] (level: 4) Failed to get outlier of note-whole-e2-1216.png
[02/01/2020, 20:03:42] (level: 4) Failed to get outlier of note-whole-e2-4891.png
[02/01/2020, 20:03:42] (level: 4) Failed to get outlier of note-quarter-h1-241.png
[02/01/2020, 20:03:42] (level: 4) Failed to get outlier of note-quarter-f2-4556.png
[02/01/2020, 20:05:40] (level: 4) Failed to get outlier of note-whole-e2-1216.png
[02/01/2020, 20:05:40] (level: 4) Failed to get outlier of note-whole-e2-4891.png
[02/01/2020, 20:05:40] (level: 4) Failed to get outlier of note-quarter-h1-241.png
[02/01/2020, 20:05:40] (level: 4) Failed to get outlier of note-quarter-f2-4556.png
[02/01/2020, 20:06:10] (level: 4) Failed to get outlier of note-whole-e2-1216.png
[02/01/2020, 20:06:10] (level: 4) Failed to get outlier of note-whole-e2-4891.png
[02/01/2020, 20:06:10] (level: 4) Failed to get outlier of note-quarter-h1-241.png
[02/01/2020, 20:06:10] (level: 4) Failed to get outlier of note-quarter-f2-4556.png
[02/01/2020, 20:09:04] (level: 4) Failed to get outlier of note-whole-e2-1216.png
[02/01/2020, 20:09:04] (level: 4) Failed to get outlier of note-whole-e2-4891.png
[02/01/2020, 20:09:04] (level: 4) Failed to get outlier of note-quarter-h1-241.png
[02/01/2020, 20:09:04] (level: 4) Failed to get outlier of note-quarter-f2-4556.png
[02/01/2020, 20:10:36] (level: 4) Failed to get outlier of note-whole-e2-1216.png
[02/01/2020, 20:10:36] (level: 4) Failed to get outlier of note-whole-e2-4891.png
[02/01/2020, 20:10:36] (level: 4) Failed to get outlier of note-quarter-h1-241.png
[02/01/2020, 20:10:36] (level: 4) Failed to get outlier of note-quarter-f2-4556.png
[02/01/2020, 20:13:43] (level: 4) Failed to get outlier of note-whole-e2-1216.png
[02/01/2020, 20:13:43] (level: 4) Failed to get outlier of note-whole-e2-4891.png
[02/01/2020, 20:13:43] (level: 4) Failed to get outlier of note-quarter-h1-241.png
[02/01/2020, 20:13:43] (level: 4) Failed to get outlier of note-quarter-f2-4556.png
[02/01/2020, 20:14:02] (level: 4) Failed to get outlier of note-whole-e2-1216.png
[02/01/2020, 20:14:02] (level: 4) Failed to get outlier of note-whole-e2-4891.png
[02/01/2020, 20:14:02] (level: 4) Failed to get outlier of note-quarter-h1-241.png
[02/01/2020, 20:14:02] (level: 4) Failed to get outlier of note-quarter-f2-4556.png
[02/01/2020, 20:14:17] (level: 4) Failed to get outlier of note-whole-e2-1216.png
[02/01/2020, 20:14:17] (level: 4) Failed to get outlier of note-whole-e2-4891.png
[02/01/2020, 20:14:17] (level: 4) Failed to get outlier of note-quarter-h1-241.png
[02/01/2020, 20:14:17] (level: 4) Failed to get outlier of note-quarter-f2-4556.png
[02/01/2020, 20:14:51] (level: 4) Failed to get outlier of note-whole-e2-1216.png
[02/01/2020, 20:14:51] (level: 4) Failed to get outlier of note-whole-e2-4891.png
[02/01/2020, 20:14:51] (level: 4) Failed to get outlier of note-quarter-h1-241.png
[02/01/2020, 20:14:51] (level: 4) Failed to get outlier of note-quarter-f2-4556.png
[02/01/2020, 20:16:17] (level: 4) Failed to get outlier of note-whole-e2-1216.png
[02/01/2020, 20:16:17] (level: 4) Failed to get outlier of note-whole-e2-4891.png
[02/01/2020, 20:16:17] (level: 4) Failed to get outlier of note-quarter-h1-241.png
[02/01/2020, 20:16:17] (level: 4) Failed to get outlier of note-quarter-f2-4556.png
[02/01/2020, 20:16:30] (level: 4) Failed to get outlier of note-whole-e2-1216.png
[02/01/2020, 20:16:30] (level: 4) Failed to get outlier of note-whole-e2-4891.png
[02/01/2020, 20:16:30] (level: 4) Failed to get outlier of note-quarter-h1-241.png
[02/01/2020, 20:16:30] (level: 4) Failed to get outlier of note-quarter-f2-4556.png
[02/01/2020, 20:16:43] (level: 4) Failed to get outlier of note-whole-e2-1216.png
[02/01/2020, 20:16:43] (level: 4) Failed to get outlier of note-whole-e2-4891.png
[02/01/2020, 20:16:44] (level: 4) Failed to get outlier of note-quarter-h1-241.png
[02/01/2020, 20:16:44] (level: 4) Failed to get outlier of note-quarter-f2-4556.png
[02/01/2020, 21:41:32] (level: 4) Failed to get outlier of note-whole-e2-1216.png
[02/01/2020, 21:41:32] (level: 4) Failed to get outlier of note-whole-e2-4891.png
[02/01/2020, 21:41:32] (level: 4) Failed to get outlier of note-quarter-h1-241.png
[02/01/2020, 21:41:32] (level: 4) Failed to get outlier of note-quarter-f2-4556.png
[02/01/2020, 21:43:26] (level: 4) Failed to get outlier of note-whole-e2-1216.png
[02/01/2020, 21:43:26] (level: 4) Failed to get outlier of note-whole-e2-4891.png
[02/01/2020, 21:43:27] (level: 4) Failed to get outlier of note-quarter-h1-241.png
[02/01/2020, 21:43:27] (level: 4) Failed to get outlier of note-quarter-f2-4556.png
[02/01/2020, 21:52:07] (level: 4) Failed to get outlier of note-whole-e2-1216.png
[02/01/2020, 21:52:07] (level: 4) Failed to get outlier of note-whole-e2-4891.png
[02/01/2020, 21:52:07] (level: 4) Failed to get outlier of note-quarter-h1-241.png
[02/01/2020, 21:52:07] (level: 4) Failed to get outlier of note-quarter-f2-4556.png
[02/01/2020, 21:53:02] (level: 4) Failed to get outlier of note-whole-e2-1216.png
[02/01/2020, 21:53:02] (level: 4) Failed to get outlier of note-whole-e2-4891.png
[02/01/2020, 21:53:02] (level: 4) Failed to get outlier of note-quarter-h1-241.png
[02/01/2020, 21:53:02] (level: 4) Failed to get outlier of note-quarter-f2-4556.png
[02/01/2020, 21:53:16] (level: 4) Failed to get outlier of note-whole-e2-1216.png
[02/01/2020, 21:53:16] (level: 4) Failed to get outlier of note-whole-e2-4891.png
[02/01/2020, 21:53:17] (level: 4) Failed to get outlier of note-quarter-h1-241.png
[02/01/2020, 21:53:17] (level: 4) Failed to get outlier of note-quarter-f2-4556.png
[02/01/2020, 21:54:06] (level: 4) Failed to get outlier of note-whole-e2-1216.png
[02/01/2020, 21:54:06] (level: 4) Failed to get outlier of note-whole-e2-4891.png
[02/01/2020, 21:54:07] (level: 4) Failed to get outlier of note-quarter-h1-241.png
[02/01/2020, 21:54:07] (level: 4) Failed to get outlier of note-quarter-f2-4556.png
[02/01/2020, 21:55:17] (level: 4) Failed to get outlier of note-whole-e2-1216.png
[02/01/2020, 21:55:17] (level: 4) Failed to get outlier of note-whole-e2-4891.png
[02/01/2020, 21:55:17] (level: 4) Failed to get outlier of note-quarter-h1-241.png
[02/01/2020, 21:55:17] (level: 4) Failed to get outlier of note-quarter-f2-4556.png
[02/01/2020, 22:00:36] (level: 4) Failed to get outlier of note-whole-e2-1216.png
[02/01/2020, 22:00:36] (level: 4) Failed to get outlier of note-whole-e2-4891.png
[02/01/2020, 22:00:37] (level: 4) Failed to get outlier of note-quarter-h1-241.png
[02/01/2020, 22:00:37] (level: 4) Failed to get outlier of note-quarter-f2-4556.png
[02/01/2020, 22:00:38] (level: 3) Export codebooks vector to beats_codebooks.csv done successfully
[02/01/2020, 22:01:58] (level: 4) WARNING: Failed to get outlier of note-whole-e2-1216.png
[02/01/2020, 22:01:58] (level: 4) WARNING: Failed to get outlier of note-whole-e2-4891.png
[02/01/2020, 22:01:58] (level: 4) WARNING: Failed to get outlier of note-quarter-h1-241.png
[02/01/2020, 22:01:58] (level: 4) WARNING: Failed to get outlier of note-quarter-f2-4556.png
[02/01/2020, 22:02:00] (level: 3) Export codebooks vector to beats_codebooks.csv done successfully
[02/01/2020, 22:10:03] (level: 4) WARNING: Failed to get outlier of note-whole-e2-1216.png
[02/01/2020, 22:10:03] (level: 4) WARNING: Failed to get outlier of note-whole-e2-4891.png
[02/01/2020, 22:10:03] (level: 4) WARNING: Failed to get outlier of note-quarter-h1-241.png
[02/01/2020, 22:10:03] (level: 4) WARNING: Failed to get outlier of note-quarter-f2-4556.png
[02/01/2020, 22:10:05] (level: 3) Export codebooks vector to beats_codebooks.csv done successfully
[02/01/2020, 22:10:21] (level: 4) WARNING: Failed to get outlier of note-whole-e2-1216.png
[02/01/2020, 22:10:22] (level: 4) WARNING: Failed to get outlier of note-whole-e2-4891.png
[02/01/2020, 22:10:22] (level: 4) WARNING: Failed to get outlier of note-quarter-h1-241.png
[02/01/2020, 22:10:22] (level: 4) WARNING: Failed to get outlier of note-quarter-f2-4556.png
[02/01/2020, 22:10:23] (level: 3) Export codebooks vector to beats_codebooks.csv done successfully
[02/01/2020, 22:11:04] (level: 4) WARNING: Failed to get outlier of note-whole-e2-1216.png
[02/01/2020, 22:11:04] (level: 4) WARNING: Failed to get outlier of note-whole-e2-4891.png
[02/01/2020, 22:11:04] (level: 4) WARNING: Failed to get outlier of note-quarter-h1-241.png
[02/01/2020, 22:11:04] (level: 4) WARNING: Failed to get outlier of note-quarter-f2-4556.png
[02/01/2020, 22:11:06] (level: 3) Export codebooks vector to beats_codebooks.csv done successfully
[02/01/2020, 22:11:37] (level: 4) WARNING: Failed to get outlier of note-whole-e2-1216.png
[02/01/2020, 22:11:37] (level: 4) WARNING: Failed to get outlier of note-whole-e2-4891.png
[02/01/2020, 22:11:37] (level: 4) WARNING: Failed to get outlier of note-quarter-h1-241.png
[02/01/2020, 22:11:37] (level: 4) WARNING: Failed to get outlier of note-quarter-f2-4556.png
[02/01/2020, 22:11:38] (level: 3) Export codebooks vector to beats_codebooks.csv done successfully
[02/01/2020, 22:40:40] (level: 4) WARNING: Failed to get outlier of note-whole-e2-1216.png
[02/01/2020, 22:40:40] (level: 4) WARNING: Failed to get outlier of note-whole-e2-4891.png
[02/01/2020, 22:40:40] (level: 4) WARNING: Failed to get outlier of note-quarter-h1-241.png
[02/01/2020, 22:40:40] (level: 4) WARNING: Failed to get outlier of note-quarter-f2-4556.png
[02/01/2020, 22:40:42] (level: 3) Export codebooks vector to beats_codebooks.csv done successfully
[02/01/2020, 22:40:43] (level: 3) Export codebooks vector to whole_codebooks.csv done successfully
[02/01/2020, 22:42:44] (level: 4) WARNING: Failed to get outlier of note-whole-e2-1216.png
[02/01/2020, 22:42:44] (level: 4) WARNING: Failed to get outlier of note-whole-e2-4891.png
[02/01/2020, 22:42:44] (level: 4) WARNING: Failed to get outlier of note-quarter-h1-241.png
[02/01/2020, 22:42:44] (level: 4) WARNING: Failed to get outlier of note-quarter-f2-4556.png
[02/01/2020, 22:42:45] (level: 3) Export codebooks vector to beats_codebooks.csv done successfully
[02/01/2020, 22:42:47] (level: 3) Export codebooks vector to whole_codebooks.csv done successfully
[02/01/2020, 22:42:56] (level: 4) WARNING: Failed to get outlier of note-whole-e2-1216.png
[02/01/2020, 22:42:56] (level: 4) WARNING: Failed to get outlier of note-whole-e2-4891.png
[02/01/2020, 22:42:56] (level: 4) WARNING: Failed to get outlier of note-quarter-h1-241.png
[02/01/2020, 22:42:56] (level: 4) WARNING: Failed to get outlier of note-quarter-f2-4556.png
[02/01/2020, 22:42:58] (level: 3) Export codebooks vector to beats_codebooks.csv done successfully
[02/01/2020, 22:43:00] (level: 3) Export codebooks vector to whole_codebooks.csv done successfully
